2025-06-17 10:06:04: Starting branch cleanup...
2025-06-17 10:06:04: Remote: origin
2025-06-17 10:06:04: Preserve Hours: 24
2025-06-17 10:06:04: Force Mode: True
2025-06-17 10:06:04: Found 100 recently merged PRs
2025-06-17 10:06:04: Branch Cleanup Summary
---------------------
Total Branches: 0
Protected: 0
Recent: 0
Deleted: 0
Failed: 0
2025-06-17 10:06:04: Branch cleanup complete. See logs/branch-cleanup.log for full details.
2025-06-17 10:06:04: Starting branch cleanup...
2025-06-17 10:06:04: Remote: origin
2025-06-17 10:06:04: Preserve Hours: 24
2025-06-17 10:06:04: Force Mode: True
2025-06-17 10:06:05: Found 100 recently merged PRs
2025-06-17 10:06:05: Branch Cleanup Summary
---------------------
Total Branches: 0
Protected: 0
Recent: 0
Deleted: 0
Failed: 0
2025-06-17 10:06:05: Branch cleanup complete. See logs/branch-cleanup.log for full details.
2025-06-17 10:06:05: Starting branch cleanup...
2025-06-17 10:06:05: Remote: origin
2025-06-17 10:06:05: Preserve Hours: 1000000
2025-06-17 10:06:05: Force Mode: False
2025-06-17 10:06:06: Found 100 recently merged PRs
2025-06-17 10:06:06: Branch Cleanup Summary
---------------------
Total Branches: 0
Protected: 0
Recent: 0
Deleted: 0
Failed: 0
2025-06-17 10:06:06: Branch cleanup complete. See logs/branch-cleanup.log for full details.
2025-06-17 10:06:06: Starting branch cleanup...
2025-06-17 10:06:06: Remote: origin
2025-06-17 10:06:06: Preserve Hours: 24
2025-06-17 10:06:06: Force Mode: True
2025-06-17 10:06:06: Found 100 recently merged PRs
2025-06-17 10:06:06: Branch Cleanup Summary
---------------------
Total Branches: 0
Protected: 0
Recent: 0
Deleted: 0
Failed: 0
2025-06-17 10:06:06: Branch cleanup complete. See logs/branch-cleanup.log for full details.
2025-06-17 10:06:40: Starting branch cleanup...
2025-06-17 10:06:41: Remote: origin
2025-06-17 10:06:41: Preserve Hours: 24
2025-06-17 10:06:41: Force Mode: True
2025-06-17 10:06:41: Found 0 recently merged PRs
2025-06-17 10:06:41: Branch Cleanup Summary
---------------------
Total Branches: 0
Protected: 0
Recent: 0
Deleted: 0
Failed: 0
2025-06-17 10:06:41: Branch cleanup complete. See logs/branch-cleanup.log for full details.
2025-06-17 10:06:41: Starting branch cleanup...
2025-06-17 10:06:41: Remote: origin
2025-06-17 10:06:41: Preserve Hours: 24
2025-06-17 10:06:41: Force Mode: True
2025-06-17 10:06:41: Found 0 recently merged PRs
2025-06-17 10:06:41: Branch Cleanup Summary
---------------------
Total Branches: 0
Protected: 0
Recent: 0
Deleted: 0
Failed: 0
2025-06-17 10:06:41: Branch cleanup complete. See logs/branch-cleanup.log for full details.
2025-06-17 10:06:41: Starting branch cleanup...
2025-06-17 10:06:41: Remote: origin
2025-06-17 10:06:41: Preserve Hours: 1000000
2025-06-17 10:06:41: Force Mode: False
2025-06-17 10:06:41: Found 0 recently merged PRs
2025-06-17 10:06:41: Branch Cleanup Summary
---------------------
Total Branches: 0
Protected: 0
Recent: 0
Deleted: 0
Failed: 0
2025-06-17 10:06:41: Branch cleanup complete. See logs/branch-cleanup.log for full details.
2025-06-17 10:06:41: Starting branch cleanup...
2025-06-17 10:06:41: Remote: origin
2025-06-17 10:06:41: Preserve Hours: 24
2025-06-17 10:06:41: Force Mode: True
2025-06-17 10:06:41: Found 0 recently merged PRs
2025-06-17 10:06:41: Branch Cleanup Summary
---------------------
Total Branches: 0
Protected: 0
Recent: 0
Deleted: 0
Failed: 0
2025-06-17 10:06:41: Branch cleanup complete. See logs/branch-cleanup.log for full details.
2025-06-17 10:07:04: Starting branch cleanup...
2025-06-17 10:07:04: Remote: origin
2025-06-17 10:07:04: Preserve Hours: 24
2025-06-17 10:07:04: Force Mode: True
2025-06-17 10:07:04: Found 0 recently merged PRs
2025-06-17 10:07:04: Branch Cleanup Summary
---------------------
Total Branches: 0
Protected: 0
Recent: 0
Deleted: 0
Failed: 0
2025-06-17 10:07:04: Branch cleanup complete. See logs/branch-cleanup.log for full details.
2025-06-17 10:07:04: Starting branch cleanup...
2025-06-17 10:07:04: Remote: origin
2025-06-17 10:07:04: Preserve Hours: 24
2025-06-17 10:07:04: Force Mode: True
2025-06-17 10:07:04: Found 0 recently merged PRs
2025-06-17 10:07:04: Branch Cleanup Summary
---------------------
Total Branches: 0
Protected: 0
Recent: 0
Deleted: 0
Failed: 0
2025-06-17 10:07:04: Branch cleanup complete. See logs/branch-cleanup.log for full details.
2025-06-17 10:07:04: Starting branch cleanup...
2025-06-17 10:07:04: Remote: origin
2025-06-17 10:07:04: Preserve Hours: 1000000
2025-06-17 10:07:04: Force Mode: False
2025-06-17 10:07:04: Found 0 recently merged PRs
2025-06-17 10:07:04: Branch Cleanup Summary
---------------------
Total Branches: 0
Protected: 0
Recent: 0
Deleted: 0
Failed: 0
2025-06-17 10:07:04: Branch cleanup complete. See logs/branch-cleanup.log for full details.
2025-06-17 10:07:04: Starting branch cleanup...
2025-06-17 10:07:04: Remote: origin
2025-06-17 10:07:04: Preserve Hours: 24
2025-06-17 10:07:04: Force Mode: True
2025-06-17 10:07:04: Found 0 recently merged PRs
2025-06-17 10:07:04: Branch Cleanup Summary
---------------------
Total Branches: 0
Protected: 0
Recent: 0
Deleted: 0
Failed: 0
2025-06-17 10:07:04: Branch cleanup complete. See logs/branch-cleanup.log for full details.
2025-06-17 10:07:35: Starting branch cleanup...
2025-06-17 10:07:35: Remote: origin
2025-06-17 10:07:35: Preserve Hours: 24
2025-06-17 10:07:35: Force Mode: True
2025-06-17 10:07:35: Found 0 recently merged PRs
2025-06-17 10:07:35: Branch Cleanup Summary
---------------------
Total Branches: 0
Protected: 0
Recent: 0
Deleted: 0
Failed: 0
2025-06-17 10:07:35: Branch cleanup complete. See logs/branch-cleanup.log for full details.
2025-06-17 10:07:35: Starting branch cleanup...
2025-06-17 10:07:35: Remote: origin
2025-06-17 10:07:35: Preserve Hours: 24
2025-06-17 10:07:35: Force Mode: True
2025-06-17 10:07:35: Found 0 recently merged PRs
2025-06-17 10:07:35: Branch Cleanup Summary
---------------------
Total Branches: 0
Protected: 0
Recent: 0
Deleted: 0
Failed: 0
2025-06-17 10:07:35: Branch cleanup complete. See logs/branch-cleanup.log for full details.
2025-06-17 10:07:35: Starting branch cleanup...
2025-06-17 10:07:35: Remote: origin
2025-06-17 10:07:35: Preserve Hours: 1000000
2025-06-17 10:07:35: Force Mode: False
2025-06-17 10:07:35: Found 0 recently merged PRs
2025-06-17 10:07:35: Branch Cleanup Summary
---------------------
Total Branches: 0
Protected: 0
Recent: 0
Deleted: 0
Failed: 0
2025-06-17 10:07:35: Branch cleanup complete. See logs/branch-cleanup.log for full details.
2025-06-17 10:07:35: Starting branch cleanup...
2025-06-17 10:07:35: Remote: origin
2025-06-17 10:07:35: Preserve Hours: 24
2025-06-17 10:07:35: Force Mode: True
2025-06-17 10:07:35: Found 0 recently merged PRs
2025-06-17 10:07:35: Branch Cleanup Summary
---------------------
Total Branches: 0
Protected: 0
Recent: 0
Deleted: 0
Failed: 0
2025-06-17 10:07:35: Branch cleanup complete. See logs/branch-cleanup.log for full details.
2025-06-17 10:08:43: Starting branch cleanup...
2025-06-17 10:08:43: Remote: origin
2025-06-17 10:08:43: Preserve Hours: 24
2025-06-17 10:08:43: Force Mode: True
2025-06-17 10:08:43: Found 0 recently merged PRs
2025-06-17 10:08:43: Branch Cleanup Summary
---------------------
Total Branches: 0
Protected: 0
Recent: 0
Deleted: 0
Failed: 0
2025-06-17 10:08:43: Branch cleanup complete. See logs/branch-cleanup.log for full details.
2025-06-17 10:08:43: Starting branch cleanup...
2025-06-17 10:08:43: Remote: origin
2025-06-17 10:08:43: Preserve Hours: 24
2025-06-17 10:08:43: Force Mode: True
2025-06-17 10:08:44: Found 0 recently merged PRs
2025-06-17 10:08:44: Branch Cleanup Summary
---------------------
Total Branches: 0
Protected: 0
Recent: 0
Deleted: 0
Failed: 0
2025-06-17 10:08:44: Branch cleanup complete. See logs/branch-cleanup.log for full details.
2025-06-17 10:08:44: Starting branch cleanup...
2025-06-17 10:08:44: Remote: origin
2025-06-17 10:08:44: Preserve Hours: 1000000
2025-06-17 10:08:44: Force Mode: False
2025-06-17 10:08:44: Found 0 recently merged PRs
2025-06-17 10:08:44: Branch Cleanup Summary
---------------------
Total Branches: 0
Protected: 0
Recent: 0
Deleted: 0
Failed: 0
2025-06-17 10:08:44: Branch cleanup complete. See logs/branch-cleanup.log for full details.
2025-06-17 10:08:44: Starting branch cleanup...
2025-06-17 10:08:44: Remote: origin
2025-06-17 10:08:44: Preserve Hours: 24
2025-06-17 10:08:44: Force Mode: True
2025-06-17 10:08:44: Found 0 recently merged PRs
2025-06-17 10:08:44: Branch Cleanup Summary
---------------------
Total Branches: 0
Protected: 0
Recent: 0
Deleted: 0
Failed: 0
2025-06-17 10:08:44: Branch cleanup complete. See logs/branch-cleanup.log for full details.
2025-06-17 10:08:54: Starting branch cleanup...
2025-06-17 10:08:54: Remote: origin
2025-06-17 10:08:54: Preserve Hours: 24
2025-06-17 10:08:54: Force Mode: True
2025-06-17 10:08:54: Found 0 recently merged PRs
2025-06-17 10:08:54: Branch Cleanup Summary
---------------------
Total Branches: 0
Protected: 0
Recent: 0
Deleted: 0
Failed: 0
2025-06-17 10:08:54: Branch cleanup complete. See logs/branch-cleanup.log for full details.
2025-06-17 10:08:54: Starting branch cleanup...
2025-06-17 10:08:54: Remote: origin
2025-06-17 10:08:54: Preserve Hours: 24
2025-06-17 10:08:54: Force Mode: True
2025-06-17 10:08:54: Found 0 recently merged PRs
2025-06-17 10:08:54: Branch Cleanup Summary
---------------------
Total Branches: 0
Protected: 0
Recent: 0
Deleted: 0
Failed: 0
2025-06-17 10:08:54: Branch cleanup complete. See logs/branch-cleanup.log for full details.
2025-06-17 10:08:54: Starting branch cleanup...
2025-06-17 10:08:54: Remote: origin
2025-06-17 10:08:54: Preserve Hours: 1000000
2025-06-17 10:08:54: Force Mode: False
2025-06-17 10:08:54: Found 0 recently merged PRs
2025-06-17 10:08:54: Branch Cleanup Summary
---------------------
Total Branches: 0
Protected: 0
Recent: 0
Deleted: 0
Failed: 0
2025-06-17 10:08:54: Branch cleanup complete. See logs/branch-cleanup.log for full details.
2025-06-17 10:08:54: Starting branch cleanup...
2025-06-17 10:08:54: Remote: origin
2025-06-17 10:08:54: Preserve Hours: 24
2025-06-17 10:08:54: Force Mode: True
2025-06-17 10:08:54: Found 0 recently merged PRs
2025-06-17 10:08:54: Branch Cleanup Summary
---------------------
Total Branches: 0
Protected: 0
Recent: 0
Deleted: 0
Failed: 0
2025-06-17 10:08:54: Branch cleanup complete. See logs/branch-cleanup.log for full details.
2025-06-17 10:10:43: Starting branch cleanup...
2025-06-17 10:10:43: Remote: origin
2025-06-17 10:10:43: Preserve Hours: 24
2025-06-17 10:10:43: Force Mode: True
2025-06-17 10:10:43: Found 0 recently merged PRs
2025-06-17 10:10:43: Processing branch: 
2025-06-17 10:10:43: Deleting branch: 
2025-06-17 10:10:43: Successfully deleted: 
2025-06-17 10:10:43: Branch Cleanup Summary
---------------------
Total Branches: 1
Protected: 0
Recent: 0
Deleted: 1
Failed: 0
2025-06-17 10:10:43: Branch cleanup complete. See logs/branch-cleanup.log for full details.
2025-06-17 10:10:43: Starting branch cleanup...
2025-06-17 10:10:43: Remote: origin
2025-06-17 10:10:43: Preserve Hours: 24
2025-06-17 10:10:43: Force Mode: True
2025-06-17 10:10:43: Found 0 recently merged PRs
2025-06-17 10:10:43: Processing branch: 
2025-06-17 10:10:43: Deleting branch: 
2025-06-17 10:10:43: Successfully deleted: 
2025-06-17 10:10:43: Branch Cleanup Summary
---------------------
Total Branches: 1
Protected: 0
Recent: 0
Deleted: 1
Failed: 0
2025-06-17 10:10:43: Branch cleanup complete. See logs/branch-cleanup.log for full details.
2025-06-17 10:10:43: Starting branch cleanup...
2025-06-17 10:10:43: Remote: origin
2025-06-17 10:10:43: Preserve Hours: 1000000
2025-06-17 10:10:43: Force Mode: False
2025-06-17 10:10:43: Found 0 recently merged PRs
2025-06-17 10:10:43: Processing branch: 
2025-06-17 10:10:43: Recent branch:  (modified 6/22/2023 6:40 PM) - preserving
2025-06-17 10:10:43: Branch Cleanup Summary
---------------------
Total Branches: 1
Protected: 0
Recent: 1
Deleted: 0
Failed: 0
2025-06-17 10:10:43: Branch cleanup complete. See logs/branch-cleanup.log for full details.
2025-06-17 10:10:43: Starting branch cleanup...
2025-06-17 10:10:43: Remote: origin
2025-06-17 10:10:43: Preserve Hours: 24
2025-06-17 10:10:43: Force Mode: True
2025-06-17 10:10:43: Found 0 recently merged PRs
2025-06-17 10:10:43: Processing branch: 
2025-06-17 10:10:43: Deleting branch: 
2025-06-17 10:10:43: Successfully deleted: 
2025-06-17 10:10:43: Branch Cleanup Summary
---------------------
Total Branches: 1
Protected: 0
Recent: 0
Deleted: 1
Failed: 0
2025-06-17 10:10:43: Branch cleanup complete. See logs/branch-cleanup.log for full details.
2025-06-17 10:11:11: Starting branch cleanup...
2025-06-17 10:11:11: Remote: origin
2025-06-17 10:11:11: Preserve Hours: 24
2025-06-17 10:11:11: Force Mode: True
2025-06-17 10:11:11: Found 0 recently merged PRs
2025-06-17 10:11:11: Processing branch: 
2025-06-17 10:11:11: Deleting branch: 
2025-06-17 10:11:11: Successfully deleted: 
2025-06-17 10:11:11: Branch Cleanup Summary
---------------------
Total Branches: 1
Protected: 0
Recent: 0
Deleted: 1
Failed: 0
2025-06-17 10:11:11: Branch cleanup complete. See logs/branch-cleanup.log for full details.
2025-06-17 10:11:11: Starting branch cleanup...
2025-06-17 10:11:11: Remote: origin
2025-06-17 10:11:11: Preserve Hours: 24
2025-06-17 10:11:11: Force Mode: True
2025-06-17 10:11:11: Found 0 recently merged PRs
2025-06-17 10:11:11: Processing branch: 
2025-06-17 10:11:11: Deleting branch: 
2025-06-17 10:11:11: Successfully deleted: 
2025-06-17 10:11:11: Branch Cleanup Summary
---------------------
Total Branches: 1
Protected: 0
Recent: 0
Deleted: 1
Failed: 0
2025-06-17 10:11:11: Branch cleanup complete. See logs/branch-cleanup.log for full details.
2025-06-17 10:11:11: Starting branch cleanup...
2025-06-17 10:11:11: Remote: origin
2025-06-17 10:11:11: Preserve Hours: 1000000
2025-06-17 10:11:11: Force Mode: False
2025-06-17 10:11:11: Found 0 recently merged PRs
2025-06-17 10:11:11: Processing branch: 
2025-06-17 10:11:11: Recent branch:  (modified 6/22/2023 6:40 PM) - preserving
2025-06-17 10:11:11: Branch Cleanup Summary
---------------------
Total Branches: 1
Protected: 0
Recent: 1
Deleted: 0
Failed: 0
2025-06-17 10:11:11: Branch cleanup complete. See logs/branch-cleanup.log for full details.
2025-06-17 10:11:11: Starting branch cleanup...
2025-06-17 10:11:11: Remote: origin
2025-06-17 10:11:11: Preserve Hours: 24
2025-06-17 10:11:11: Force Mode: True
2025-06-17 10:11:11: Found 0 recently merged PRs
2025-06-17 10:11:11: Processing branch: 
2025-06-17 10:11:11: Deleting branch: 
2025-06-17 10:11:11: Successfully deleted: 
2025-06-17 10:11:11: Branch Cleanup Summary
---------------------
Total Branches: 1
Protected: 0
Recent: 0
Deleted: 1
Failed: 0
2025-06-17 10:11:11: Branch cleanup complete. See logs/branch-cleanup.log for full details.
2025-06-17 10:11:49: Starting branch cleanup...
2025-06-17 10:11:49: Remote: origin
2025-06-17 10:11:49: Preserve Hours: 24
2025-06-17 10:11:49: Force Mode: True
2025-06-17 10:11:50: Found 0 recently merged PRs
2025-06-17 10:11:50: Processing branch: main
2025-06-17 10:11:50: Protected branch: main - skipping
2025-06-17 10:11:50: Processing branch: feature/test-branch
2025-06-17 10:11:50: Protected branch: feature/test-branch - skipping
2025-06-17 10:11:50: Processing branch: old-branch
2025-06-17 10:11:50: Deleting branch: old-branch
2025-06-17 10:11:50: Successfully deleted: old-branch
2025-06-17 10:11:50: Processing branch: merged-branch
2025-06-17 10:11:50: Deleting branch: merged-branch
2025-06-17 10:11:50: Successfully deleted: merged-branch
2025-06-17 10:11:50: Branch Cleanup Summary
---------------------
Total Branches: 4
Protected: 2
Recent: 0
Deleted: 2
Failed: 0
2025-06-17 10:11:50: Branch cleanup complete. See logs/branch-cleanup.log for full details.
2025-06-17 10:11:50: Starting branch cleanup...
2025-06-17 10:11:50: Remote: origin
2025-06-17 10:11:50: Preserve Hours: 24
2025-06-17 10:11:50: Force Mode: True
2025-06-17 10:11:50: Found 0 recently merged PRs
2025-06-17 10:11:50: Processing branch: main
2025-06-17 10:11:50: Protected branch: main - skipping
2025-06-17 10:11:50: Processing branch: feature/test-branch
2025-06-17 10:11:50: Protected branch: feature/test-branch - skipping
2025-06-17 10:11:50: Processing branch: old-branch
2025-06-17 10:11:50: Deleting branch: old-branch
2025-06-17 10:11:50: Successfully deleted: old-branch
2025-06-17 10:11:50: Processing branch: merged-branch
2025-06-17 10:11:50: Deleting branch: merged-branch
2025-06-17 10:11:50: Successfully deleted: merged-branch
2025-06-17 10:11:50: Branch Cleanup Summary
---------------------
Total Branches: 4
Protected: 2
Recent: 0
Deleted: 2
Failed: 0
2025-06-17 10:11:50: Branch cleanup complete. See logs/branch-cleanup.log for full details.
2025-06-17 10:11:50: Starting branch cleanup...
2025-06-17 10:11:50: Remote: origin
2025-06-17 10:11:50: Preserve Hours: 1000000
2025-06-17 10:11:50: Force Mode: False
2025-06-17 10:11:50: Found 0 recently merged PRs
2025-06-17 10:11:50: Processing branch: main
2025-06-17 10:11:50: Protected branch: main - skipping
2025-06-17 10:11:50: Processing branch: feature/test-branch
2025-06-17 10:11:50: Protected branch: feature/test-branch - skipping
2025-06-17 10:11:50: Processing branch: old-branch
2025-06-17 10:11:50: Recent branch: old-branch (modified 4/21/2020 8:53 AM) - preserving
2025-06-17 10:11:50: Processing branch: merged-branch
2025-06-17 10:11:50: Recent branch: merged-branch (modified 4/21/2020 8:53 AM) - preserving
2025-06-17 10:11:50: Branch Cleanup Summary
---------------------
Total Branches: 4
Protected: 2
Recent: 2
Deleted: 0
Failed: 0
2025-06-17 10:11:50: Branch cleanup complete. See logs/branch-cleanup.log for full details.
2025-06-17 10:11:50: Starting branch cleanup...
2025-06-17 10:11:50: Remote: origin
2025-06-17 10:11:50: Preserve Hours: 24
2025-06-17 10:11:50: Force Mode: True
2025-06-17 10:11:50: Found 0 recently merged PRs
2025-06-17 10:11:50: Processing branch: main
2025-06-17 10:11:50: Protected branch: main - skipping
2025-06-17 10:11:50: Processing branch: feature/test-branch
2025-06-17 10:11:50: Protected branch: feature/test-branch - skipping
2025-06-17 10:11:50: Processing branch: old-branch
2025-06-17 10:11:50: Deleting branch: old-branch
2025-06-17 10:11:50: Successfully deleted: old-branch
2025-06-17 10:11:50: Processing branch: merged-branch
2025-06-17 10:11:50: Deleting branch: merged-branch
2025-06-17 10:11:50: Successfully deleted: merged-branch
2025-06-17 10:11:50: Branch Cleanup Summary
---------------------
Total Branches: 4
Protected: 2
Recent: 0
Deleted: 2
Failed: 0
2025-06-17 10:11:50: Branch cleanup complete. See logs/branch-cleanup.log for full details.
